Program started on 2020-11-21 21:40:22.181794
Program started on 2020-11-21 21:46:59.275618
2020-11-21 21:47:02,158 INFO announce_run(74) **********************************************************************
2020-11-21 21:47:02,721 INFO announce_run(75) Math Facts App
2020-11-21 21:47:03,636 INFO announce_run(76) Program started on 2020-11-21 21:47:03.635996
2020-11-21 21:47:05,439 INFO announce_run(77) Maximum log file size allowed: 50 MB. It rolls over after max size reached.
2020-11-21 21:47:07,907 INFO announce_run(79) Program ended on 2020-11-21 21:47:07.907550
2020-11-21 21:47:07,908 INFO announce_run(80) ----------------------------------------------------------------------
Program started on 2020-11-21 22:02:37.277007
Program started on 2020-11-21 22:03:02.168928
Program started on 2020-11-21 22:39:27.191373
Program started on 2020-11-21 22:41:06.969550
Program started on 2020-11-21 22:42:21.563185
Program started on 2020-11-21 22:43:57.756232
Program started on 2020-11-21 22:45:20.880704
Program started on 2020-11-21 22:57:21.246299
Program started on 2020-12-14 17:57:54.906610
Program started on 2020-12-14 18:07:12.862857
Program started on 2020-12-17 14:32:10.341732
Program started on 2020-12-29 09:36:01.686659
Program started on 2020-12-29 09:36:15.474096
Program started on 2021-04-19 18:57:07.128393
Program started on 2021-04-20 08:24:17.648458
Program started on 2021-04-20 08:24:57.498421
Program started onf 2021-04-20 08:26:17.101635
Program started on 2021-04-20 08:41:48.368464
Program started on 2021-04-20 08:52:08.609651
Program started on 2021-04-20 09:36:29.070836
Program started on 2021-04-20 09:56:18.605118
Program started on 2021-04-20 09:56:36.555621
Program started on 2021-04-20 10:08:40.411949
Program started on 2021-04-20 10:18:02.302507
